<?xml version="1.0" encoding="UTF-8"?>
<testng-results skipped="0" failed="0" ignored="0" total="1" passed="1">
  <reporter-output>
  </reporter-output>
  <suite name="Default suite" duration-ms="55850" started-at="2017-06-21T15:01:45Z" finished-at="2017-06-21T15:02:41Z">
    <groups>
    </groups>
    <test name="Default test" duration-ms="55850" started-at="2017-06-21T15:01:45Z" finished-at="2017-06-21T15:02:41Z">
      <class name="by.htp.googletest.AppTest">
        <test-method status="PASS" signature="initBrowser()[pri:0, instance:by.htp.googletest.AppTest@5c3bd550]" name="initBrowser" is-config="true" duration-ms="16030" started-at="2017-06-21T17:01:45Z" finished-at="2017-06-21T17:02:01Z">
          <reporter-output>
          </reporter-output>
        </test-method> <!-- initBrowser -->
        <test-method status="PASS" signature="itAcademynNewTest()[pri:0, instance:by.htp.googletest.AppTest@5c3bd550]" name="itAcademynNewTest" duration-ms="39774" started-at="2017-06-21T17:02:01Z" finished-at="2017-06-21T17:02:41Z">
          <reporter-output>
          </reporter-output>
        </test-method> <!-- itAcademynNewTest -->
        <test-method status="PASS" signature="closeBrowser()[pri:0, instance:by.htp.googletest.AppTest@5c3bd550]" name="closeBrowser" is-config="true" duration-ms="0" started-at="2017-06-21T17:02:41Z" finished-at="2017-06-21T17:02:41Z">
          <reporter-output>
          </reporter-output>
        </test-method> <!-- closeBrowser -->
      </class> <!-- by.htp.googletest.AppTest -->
    </test> <!-- Default test -->
  </suite> <!-- Default suite -->
</testng-results>
