<?xml version="1.0" encoding="UTF-8"?>
<testng-results skipped="0" failed="0" ignored="0" total="1" passed="1">
  <reporter-output>
  </reporter-output>
  <suite name="Default suite" duration-ms="149705" started-at="2017-06-26T12:53:29Z" finished-at="2017-06-26T12:55:59Z">
    <groups>
    </groups>
    <test name="Default test" duration-ms="149705" started-at="2017-06-26T12:53:29Z" finished-at="2017-06-26T12:55:59Z">
      <class name="by.htp.googletest.AppTest">
        <test-method status="PASS" signature="initBrowser()[pri:0, instance:by.htp.googletest.AppTest@5c3bd550]" name="initBrowser" is-config="true" duration-ms="25348" started-at="2017-06-26T14:53:29Z" finished-at="2017-06-26T14:53:55Z">
          <reporter-output>
          </reporter-output>
        </test-method> <!-- initBrowser -->
        <test-method status="PASS" signature="quizfulAllDataTest()[pri:0, instance:by.htp.googletest.AppTest@5c3bd550]" name="quizfulAllDataTest" duration-ms="124224" started-at="2017-06-26T14:53:55Z" finished-at="2017-06-26T14:55:59Z">
          <reporter-output>
          </reporter-output>
        </test-method> <!-- quizfulAllDataTest -->
        <test-method status="PASS" signature="closeBrowser()[pri:0, instance:by.htp.googletest.AppTest@5c3bd550]" name="closeBrowser" is-config="true" duration-ms="0" started-at="2017-06-26T14:55:59Z" finished-at="2017-06-26T14:55:59Z">
          <reporter-output>
          </reporter-output>
        </test-method> <!-- closeBrowser -->
      </class> <!-- by.htp.googletest.AppTest -->
    </test> <!-- Default test -->
  </suite> <!-- Default suite -->
</testng-results>
