# JRE version: Java(TM) SE Runtime Environment (8.0_131-b11) (build 1.8.0_131-b11)
# Java VM: Java HotSpot(TM) 64-Bit Server VM (25.131-b11 mixed mode windows-amd64 compressed oops)
Heap:
 PSYoungGen      total 178176K, used 141712K [0x00000000eab00000, 0x00000000f6a80000, 0x0000000100000000)
  eden space 177664K, 79% used [0x00000000eab00000,0x00000000f35643d0,0x00000000f5880000)
  from space 512K, 0% used [0x00000000f5880000,0x00000000f5880000,0x00000000f5900000)
  to   space 9216K, 0% used [0x00000000f6180000,0x00000000f6180000,0x00000000f6a80000)
 ParOldGen       total 175104K, used 77207K [0x00000000c0000000, 0x00000000cab00000, 0x00000000eab00000)
  object space 175104K, 44% used [0x00000000c0000000,0x00000000c4b65f70,0x00000000cab00000)
 Metaspace       used 121911K, capacity 132742K, committed 132952K, reserved 1165312K
  class space    used 14557K, capacity 17962K, committed 18048K, reserved 1048576K
GC Heap History (10 events):
Event: 5232.656 GC heap before
{Heap before GC invocations=85 (full 36):
 PSYoungGen      total 178176K, used 64K [0x00000000eab00000, 0x00000000f6c80000, 0x0000000100000000)
  eden space 177664K, 0% used [0x00000000eab00000,0x00000000eab00000,0x00000000f5880000)
  from space 512K, 12% used [0x00000000f5880000,0x00000000f5890000,0x00000000f5900000)
  to   space 10240K, 0% used [0x00000000f6280000,0x00000000f6280000,0x00000000f6c80000)
 ParOldGen       total 175104K, used 77207K [0x00000000c0000000, 0x00000000cab00000, 0x00000000eab00000)
  object space 175104K, 44% used [0x00000000c0000000,0x00000000c4b65d18,0x00000000cab00000)
 Metaspace       used 121283K, capacity 131972K, committed 132184K, reserved 1163264K
  class space    used 14499K, capacity 17887K, committed 18048K, reserved 1048576K
Event: 5232.999 GC heap after
Heap after GC invocations=85 (full 36):
 PSYoungGen      total 178176K, used 0K [0x00000000eab00000, 0x00000000f6c80000, 0x0000000100000000)
  eden space 177664K, 0% used [0x00000000eab00000,0x00000000eab00000,0x00000000f5880000)
  from space 512K, 0% used [0x00000000f5880000,0x00000000f5880000,0x00000000f5900000)
  to   space 10240K, 0% used [0x00000000f6280000,0x00000000f6280000,0x00000000f6c80000)
 ParOldGen       total 175104K, used 77207K [0x00000000c0000000, 0x00000000cab00000, 0x00000000eab00000)
  object space 175104K, 44% used [0x00000000c0000000,0x00000000c4b65d18,0x00000000cab00000)
 Metaspace       used 121283K, capacity 131972K, committed 132184K, reserved 1163264K
  class space    used 14499K, capacity 17887K, committed 18048K, reserved 1048576K
}
Event: 5292.659 GC heap before
{Heap before GC invocations=86 (full 36):
 PSYoungGen      total 178176K, used 3306K [0x00000000eab00000, 0x00000000f6c80000, 0x0000000100000000)
  eden space 177664K, 1% used [0x00000000eab00000,0x00000000eae3a838,0x00000000f5880000)
  from space 512K, 0% used [0x00000000f5880000,0x00000000f5880000,0x00000000f5900000)
  to   space 10240K, 0% used [0x00000000f6280000,0x00000000f6280000,0x00000000f6c80000)
 ParOldGen       total 175104K, used 77207K [0x00000000c0000000, 0x00000000cab00000, 0x00000000eab00000)
  object space 175104K, 44% used [0x00000000c0000000,0x00000000c4b65d18,0x00000000cab00000)
 Metaspace       used 121283K, capacity 131972K, committed 132184K, reserved 1163264K
  class space    used 14499K, capacity 17887K, committed 18048K, reserved 1048576K
Event: 5292.664 GC heap after
Heap after GC invocations=86 (full 36):
 PSYoungGen      total 186880K, used 64K [0x00000000eab00000, 0x00000000f6b80000, 0x0000000100000000)
  eden space 177664K, 0% used [0x00000000eab00000,0x00000000eab00000,0x00000000f5880000)
  from space 9216K, 0% used [0x00000000f6280000,0x00000000f6290000,0x00000000f6b80000)
  to   space 9728K, 0% used [0x00000000f5880000,0x00000000f5880000,0x00000000f6200000)
 ParOldGen       total 175104K, used 77207K [0x00000000c0000000, 0x00000000cab00000, 0x00000000eab00000)
  object space 175104K, 44% used [0x00000000c0000000,0x00000000c4b65d18,0x00000000cab00000)
 Metaspace       used 121283K, capacity 131972K, committed 132184K, reserved 1163264K
  class space    used 14499K, capacity 17887K, committed 18048K, reserved 1048576K
}
Event: 5292.664 GC heap before
{Heap before GC invocations=87 (full 37):
 PSYoungGen      total 186880K, used 64K [0x00000000eab00000, 0x00000000f6b80000, 0x0000000100000000)
  eden space 177664K, 0% used [0x00000000eab00000,0x00000000eab00000,0x00000000f5880000)
  from space 9216K, 0% used [0x00000000f6280000,0x00000000f6290000,0x00000000f6b80000)
  to   space 9728K, 0% used [0x00000000f5880000,0x00000000f5880000,0x00000000f6200000)
 ParOldGen       total 175104K, used 77207K [0x00000000c0000000, 0x00000000cab00000, 0x00000000eab00000)
  object space 175104K, 44% used [0x00000000c0000000,0x00000000c4b65d18,0x00000000cab00000)
 Metaspace       used 121283K, capacity 131972K, committed 132184K, reserved 1163264K
  class space    used 14499K, capacity 17887K, committed 18048K, reserved 1048576K
Event: 5293.056 GC heap after
Heap after GC invocations=87 (full 37):
 PSYoungGen      total 186880K, used 0K [0x00000000eab00000, 0x00000000f6b80000, 0x0000000100000000)
  eden space 177664K, 0% used [0x00000000eab00000,0x00000000eab00000,0x00000000f5880000)
  from space 9216K, 0% used [0x00000000f6280000,0x00000000f6280000,0x00000000f6b80000)
  to   space 9728K, 0% used [0x00000000f5880000,0x00000000f5880000,0x00000000f6200000)
 ParOldGen       total 175104K, used 77207K [0x00000000c0000000, 0x00000000cab00000, 0x00000000eab00000)
  object space 175104K, 44% used [0x00000000c0000000,0x00000000c4b65f70,0x00000000cab00000)
 Metaspace       used 121283K, capacity 131972K, committed 132184K, reserved 1163264K
  class space    used 14499K, capacity 17887K, committed 18048K, reserved 1048576K
}
Event: 5352.668 GC heap before
{Heap before GC invocations=88 (full 37):
 PSYoungGen      total 186880K, used 3352K [0x00000000eab00000, 0x00000000f6b80000, 0x0000000100000000)
  eden space 177664K, 1% used [0x00000000eab00000,0x00000000eae463d0,0x00000000f5880000)
  from space 9216K, 0% used [0x00000000f6280000,0x00000000f6280000,0x00000000f6b80000)
  to   space 9728K, 0% used [0x00000000f5880000,0x00000000f5880000,0x00000000f6200000)
 ParOldGen       total 175104K, used 77207K [0x00000000c0000000, 0x00000000cab00000, 0x00000000eab00000)
  object space 175104K, 44% used [0x00000000c0000000,0x00000000c4b65f70,0x00000000cab00000)
 Metaspace       used 121283K, capacity 131972K, committed 132184K, reserved 1163264K
  class space    used 14499K, capacity 17887K, committed 18048K, reserved 1048576K
Event: 5352.680 GC heap after
Heap after GC invocations=88 (full 37):
 PSYoungGen      total 178176K, used 64K [0x00000000eab00000, 0x00000000f6a80000, 0x0000000100000000)
  eden space 177664K, 0% used [0x00000000eab00000,0x00000000eab00000,0x00000000f5880000)
  from space 512K, 12% used [0x00000000f5880000,0x00000000f5890000,0x00000000f5900000)
  to   space 9216K, 0% used [0x00000000f6180000,0x00000000f6180000,0x00000000f6a80000)
 ParOldGen       total 175104K, used 77207K [0x00000000c0000000, 0x00000000cab00000, 0x00000000eab00000)
  object space 175104K, 44% used [0x00000000c0000000,0x00000000c4b65f70,0x00000000cab00000)
 Metaspace       used 121283K, capacity 131972K, committed 132184K, reserved 1163264K
  class space    used 14499K, capacity 17887K, committed 18048K, reserved 1048576K
}
Event: 5352.680 GC heap before
{Heap before GC invocations=89 (full 38):
 PSYoungGen      total 178176K, used 64K [0x00000000eab00000, 0x00000000f6a80000, 0x0000000100000000)
  eden space 177664K, 0% used [0x00000000eab00000,0x00000000eab00000,0x00000000f5880000)
  from space 512K, 12% used [0x00000000f5880000,0x00000000f5890000,0x00000000f5900000)
  to   space 9216K, 0% used [0x00000000f6180000,0x00000000f6180000,0x00000000f6a80000)
 ParOldGen       total 175104K, used 77207K [0x00000000c0000000, 0x00000000cab00000, 0x00000000eab00000)
  object space 175104K, 44% used [0x00000000c0000000,0x00000000c4b65f70,0x00000000cab00000)
 Metaspace       used 121283K, capacity 131972K, committed 132184K, reserved 1163264K
  class space    used 14499K, capacity 17887K, committed 18048K, reserved 1048576K
Event: 5353.036 GC heap after
Heap after GC invocations=89 (full 38):
 PSYoungGen      total 178176K, used 0K [0x00000000eab00000, 0x00000000f6a80000, 0x0000000100000000)
  eden space 177664K, 0% used [0x00000000eab00000,0x00000000eab00000,0x00000000f5880000)
  from space 512K, 0% used [0x00000000f5880000,0x00000000f5880000,0x00000000f5900000)
  to   space 9216K, 0% used [0x00000000f6180000,0x00000000f6180000,0x00000000f6a80000)
 ParOldGen       total 175104K, used 77207K [0x00000000c0000000, 0x00000000cab00000, 0x00000000eab00000)
  object space 175104K, 44% used [0x00000000c0000000,0x00000000c4b65f70,0x00000000cab00000)
 Metaspace       used 121283K, capacity 131972K, committed 132184K, reserved 1163264K
  class space    used 14499K, capacity 17887K, committed 18048K, reserved 1048576K
}

