# JRE version: Java(TM) SE Runtime Environment (8.0_131-b11) (build 1.8.0_131-b11)
# Java VM: Java HotSpot(TM) 64-Bit Server VM (25.131-b11 mixed mode windows-amd64 compressed oops)
Heap:
 PSYoungGen      total 203776K, used 3011K [0x00000000eab00000, 0x00000000f9400000, 0x0000000100000000)
  eden space 171008K, 1% used [0x00000000eab00000,0x00000000eadf0e90,0x00000000f5200000)
  from space 32768K, 0% used [0x00000000f7400000,0x00000000f7400000,0x00000000f9400000)
  to   space 33792K, 0% used [0x00000000f5200000,0x00000000f5200000,0x00000000f7300000)
 ParOldGen       total 263680K, used 43100K [0x00000000c0000000, 0x00000000d0180000, 0x00000000eab00000)
  object space 263680K, 16% used [0x00000000c0000000,0x00000000c2a17388,0x00000000d0180000)
 Metaspace       used 63690K, capacity 69062K, committed 69208K, reserved 1116160K
  class space    used 7837K, capacity 9548K, committed 9600K, reserved 1048576K
GC Heap History (10 events):
Event: 59.342 GC heap before
{Heap before GC invocations=17 (full 7):
 PSYoungGen      total 200192K, used 3204K [0x00000000eab00000, 0x00000000f9900000, 0x0000000100000000)
  eden space 167424K, 0% used [0x00000000eab00000,0x00000000eab00000,0x00000000f4e80000)
  from space 32768K, 9% used [0x00000000f7080000,0x00000000f73a1088,0x00000000f9080000)
  to   space 34816K, 0% used [0x00000000f4e80000,0x00000000f4e80000,0x00000000f7080000)
 ParOldGen       total 263680K, used 41321K [0x00000000c0000000, 0x00000000d0180000, 0x00000000eab00000)
  object space 263680K, 15% used [0x00000000c0000000,0x00000000c285a728,0x00000000d0180000)
 Metaspace       used 60120K, capacity 65402K, committed 65624K, reserved 1114112K
  class space    used 7335K, capacity 8968K, committed 9088K, reserved 1048576K
Event: 59.518 GC heap after
Heap after GC invocations=17 (full 7):
 PSYoungGen      total 200192K, used 0K [0x00000000eab00000, 0x00000000f9900000, 0x0000000100000000)
  eden space 167424K, 0% used [0x00000000eab00000,0x00000000eab00000,0x00000000f4e80000)
  from space 32768K, 0% used [0x00000000f7080000,0x00000000f7080000,0x00000000f9080000)
  to   space 34816K, 0% used [0x00000000f4e80000,0x00000000f4e80000,0x00000000f7080000)
 ParOldGen       total 263680K, used 42802K [0x00000000c0000000, 0x00000000d0180000, 0x00000000eab00000)
  object space 263680K, 16% used [0x00000000c0000000,0x00000000c29cc898,0x00000000d0180000)
 Metaspace       used 60120K, capacity 65402K, committed 65624K, reserved 1112064K
  class space    used 7335K, capacity 8968K, committed 9088K, reserved 1048576K
}
Event: 60.901 GC heap before
{Heap before GC invocations=18 (full 7):
 PSYoungGen      total 200192K, used 15306K [0x00000000eab00000, 0x00000000f9900000, 0x0000000100000000)
  eden space 167424K, 9% used [0x00000000eab00000,0x00000000eb9f2890,0x00000000f4e80000)
  from space 32768K, 0% used [0x00000000f7080000,0x00000000f7080000,0x00000000f9080000)
  to   space 34816K, 0% used [0x00000000f4e80000,0x00000000f4e80000,0x00000000f7080000)
 ParOldGen       total 263680K, used 42802K [0x00000000c0000000, 0x00000000d0180000, 0x00000000eab00000)
  object space 263680K, 16% used [0x00000000c0000000,0x00000000c29cc898,0x00000000d0180000)
 Metaspace       used 62525K, capacity 67834K, committed 68056K, reserved 1116160K
  class space    used 7662K, capacity 9330K, committed 9472K, reserved 1048576K
Event: 60.909 GC heap after
Heap after GC invocations=18 (full 7):
 PSYoungGen      total 202240K, used 3086K [0x00000000eab00000, 0x00000000f9580000, 0x0000000100000000)
  eden space 167424K, 0% used [0x00000000eab00000,0x00000000eab00000,0x00000000f4e80000)
  from space 34816K, 8% used [0x00000000f4e80000,0x00000000f51838f8,0x00000000f7080000)
  to   space 34304K, 0% used [0x00000000f7400000,0x00000000f7400000,0x00000000f9580000)
 ParOldGen       total 263680K, used 42810K [0x00000000c0000000, 0x00000000d0180000, 0x00000000eab00000)
  object space 263680K, 16% used [0x00000000c0000000,0x00000000c29ce898,0x00000000d0180000)
 Metaspace       used 62525K, capacity 67834K, committed 68056K, reserved 1116160K
  class space    used 7662K, capacity 9330K, committed 9472K, reserved 1048576K
}
Event: 60.909 GC heap before
{Heap before GC invocations=19 (full 8):
 PSYoungGen      total 202240K, used 3086K [0x00000000eab00000, 0x00000000f9580000, 0x0000000100000000)
  eden space 167424K, 0% used [0x00000000eab00000,0x00000000eab00000,0x00000000f4e80000)
  from space 34816K, 8% used [0x00000000f4e80000,0x00000000f51838f8,0x00000000f7080000)
  to   space 34304K, 0% used [0x00000000f7400000,0x00000000f7400000,0x00000000f9580000)
 ParOldGen       total 263680K, used 42810K [0x00000000c0000000, 0x00000000d0180000, 0x00000000eab00000)
  object space 263680K, 16% used [0x00000000c0000000,0x00000000c29ce898,0x00000000d0180000)
 Metaspace       used 62525K, capacity 67834K, committed 68056K, reserved 1116160K
  class space    used 7662K, capacity 9330K, committed 9472K, reserved 1048576K
Event: 61.114 GC heap after
Heap after GC invocations=19 (full 8):
 PSYoungGen      total 202240K, used 0K [0x00000000eab00000, 0x00000000f9580000, 0x0000000100000000)
  eden space 167424K, 0% used [0x00000000eab00000,0x00000000eab00000,0x00000000f4e80000)
  from space 34816K, 0% used [0x00000000f4e80000,0x00000000f4e80000,0x00000000f7080000)
  to   space 34304K, 0% used [0x00000000f7400000,0x00000000f7400000,0x00000000f9580000)
 ParOldGen       total 263680K, used 43266K [0x00000000c0000000, 0x00000000d0180000, 0x00000000eab00000)
  object space 263680K, 16% used [0x00000000c0000000,0x00000000c2a40ae0,0x00000000d0180000)
 Metaspace       used 62525K, capacity 67834K, committed 68056K, reserved 1114112K
  class space    used 7662K, capacity 9330K, committed 9472K, reserved 1048576K
}
Event: 64.067 GC heap before
{Heap before GC invocations=20 (full 8):
 PSYoungGen      total 202240K, used 24369K [0x00000000eab00000, 0x00000000f9580000, 0x0000000100000000)
  eden space 167424K, 14% used [0x00000000eab00000,0x00000000ec2cc6f0,0x00000000f4e80000)
  from space 34816K, 0% used [0x00000000f4e80000,0x00000000f4e80000,0x00000000f7080000)
  to   space 34304K, 0% used [0x00000000f7400000,0x00000000f7400000,0x00000000f9580000)
 ParOldGen       total 263680K, used 43266K [0x00000000c0000000, 0x00000000d0180000, 0x00000000eab00000)
  object space 263680K, 16% used [0x00000000c0000000,0x00000000c2a40ae0,0x00000000d0180000)
 Metaspace       used 63438K, capacity 68796K, committed 68952K, reserved 1118208K
  class space    used 7800K, capacity 9478K, committed 9600K, reserved 1048576K
Event: 64.077 GC heap after
Heap after GC invocations=20 (full 8):
 PSYoungGen      total 203776K, used 2167K [0x00000000eab00000, 0x00000000f9400000, 0x0000000100000000)
  eden space 171008K, 0% used [0x00000000eab00000,0x00000000eab00000,0x00000000f5200000)
  from space 32768K, 6% used [0x00000000f7400000,0x00000000f761dea0,0x00000000f9400000)
  to   space 33792K, 0% used [0x00000000f5200000,0x00000000f5200000,0x00000000f7300000)
 ParOldGen       total 263680K, used 43274K [0x00000000c0000000, 0x00000000d0180000, 0x00000000eab00000)
  object space 263680K, 16% used [0x00000000c0000000,0x00000000c2a42ae0,0x00000000d0180000)
 Metaspace       used 63438K, capacity 68796K, committed 68952K, reserved 1118208K
  class space    used 7800K, capacity 9478K, committed 9600K, reserved 1048576K
}
Event: 64.077 GC heap before
{Heap before GC invocations=21 (full 9):
 PSYoungGen      total 203776K, used 2167K [0x00000000eab00000, 0x00000000f9400000, 0x0000000100000000)
  eden space 171008K, 0% used [0x00000000eab00000,0x00000000eab00000,0x00000000f5200000)
  from space 32768K, 6% used [0x00000000f7400000,0x00000000f761dea0,0x00000000f9400000)
  to   space 33792K, 0% used [0x00000000f5200000,0x00000000f5200000,0x00000000f7300000)
 ParOldGen       total 263680K, used 43274K [0x00000000c0000000, 0x00000000d0180000, 0x00000000eab00000)
  object space 263680K, 16% used [0x00000000c0000000,0x00000000c2a42ae0,0x00000000d0180000)
 Metaspace       used 63438K, capacity 68796K, committed 68952K, reserved 1118208K
  class space    used 7800K, capacity 9478K, committed 9600K, reserved 1048576K
Event: 64.354 GC heap after
Heap after GC invocations=21 (full 9):
 PSYoungGen      total 203776K, used 0K [0x00000000eab00000, 0x00000000f9400000, 0x0000000100000000)
  eden space 171008K, 0% used [0x00000000eab00000,0x00000000eab00000,0x00000000f5200000)
  from space 32768K, 0% used [0x00000000f7400000,0x00000000f7400000,0x00000000f9400000)
  to   space 33792K, 0% used [0x00000000f5200000,0x00000000f5200000,0x00000000f7300000)
 ParOldGen       total 263680K, used 43100K [0x00000000c0000000, 0x00000000d0180000, 0x00000000eab00000)
  object space 263680K, 16% used [0x00000000c0000000,0x00000000c2a17388,0x00000000d0180000)
 Metaspace       used 63438K, capacity 68796K, committed 68952K, reserved 1116160K
  class space    used 7800K, capacity 9478K, committed 9600K, reserved 1048576K
}

